0 verbose cli /Users/du/.nvm/versions/node/v18.17.1/bin/node /Users/du/.nvm/versions/node/v18.17.1/bin/npm
1 info using npm@10.4.0
2 info using node@v18.17.1
3 timing npm:load:whichnode Completed in 0ms
4 timing config:load:defaults Completed in 1ms
5 timing config:load:file:/Users/du/.nvm/versions/node/v18.17.1/lib/node_modules/npm/npmrc Completed in 0ms
6 timing config:load:builtin Completed in 1ms
7 timing config:load:cli Completed in 1ms
8 timing config:load:env Completed in 0ms
9 timing config:load:file:/Users/du/Desktop/js/weilun_app/.npmrc Completed in 0ms
10 timing config:load:project Completed in 2ms
11 timing config:load:file:/Users/du/.npmrc Completed in 0ms
12 timing config:load:user Completed in 0ms
13 timing config:load:file:/Users/du/.nvm/versions/node/v18.17.1/etc/npmrc Completed in 0ms
14 timing config:load:global Completed in 0ms
15 timing config:load:setEnvs Completed in 1ms
16 timing config:load Completed in 6ms
17 timing npm:load:configload Completed in 6ms
18 timing config:load:flatten Completed in 1ms
19 timing npm:load:mkdirpcache Completed in 0ms
20 timing npm:load:mkdirplogs Completed in 0ms
21 verbose title npm run android
22 verbose argv "run" "android" "--cache" "false"
23 timing npm:load:setTitle Completed in 4ms
24 timing npm:load:display Completed in 1ms
25 verbose logfile logs-max:10 dir:/Users/du/Desktop/js/weilun_app/false/_logs/2024-05-04T10_27_02_643Z-
26 verbose logfile /Users/du/Desktop/js/weilun_app/false/_logs/2024-05-04T10_27_02_643Z-debug-0.log
27 timing npm:load:logFile Completed in 4ms
28 timing npm:load:timers Completed in 0ms
29 timing npm:load:configScope Completed in 0ms
30 timing npm:load Completed in 22ms
31 silly logfile done cleaning log files
32 http fetch GET 200 https://registry.npmjs.org/npm 98ms
33 timing command:run Completed in 346949ms
34 notice
34 notice New [33mminor[39m version of npm available! [31m10.4.0[39m -> [32m10.7.0[39m
34 notice Changelog: [36mhttps://github.com/npm/cli/releases/tag/v10.7.0[39m
34 notice Run [32mnpm install -g npm@10.7.0[39m to update!
34 notice
35 verbose exit 0
36 timing npm Completed in 346992ms
37 info ok
