0 verbose cli /Users/du/.nvm/versions/node/v18.17.1/bin/node /Users/du/.nvm/versions/node/v18.17.1/bin/npm
1 info using npm@10.4.0
2 info using node@v18.17.1
3 timing npm:load:whichnode Completed in 1ms
4 timing config:load:defaults Completed in 1ms
5 timing config:load:file:/Users/du/.nvm/versions/node/v18.17.1/lib/node_modules/npm/npmrc Completed in 0ms
6 timing config:load:builtin Completed in 0ms
7 timing config:load:cli Completed in 2ms
8 timing config:load:env Completed in 0ms
9 timing config:load:file:/Users/du/Desktop/js/weilun_app/.npmrc Completed in 0ms
10 timing config:load:project Completed in 2ms
11 timing config:load:file:/Users/du/.npmrc Completed in 0ms
12 timing config:load:user Completed in 0ms
13 timing config:load:file:/Users/du/.nvm/versions/node/v18.17.1/etc/npmrc Completed in 0ms
14 timing config:load:global Completed in 0ms
15 timing config:load:setEnvs Completed in 0ms
16 timing config:load Completed in 5ms
17 timing npm:load:configload Completed in 5ms
18 timing config:load:flatten Completed in 1ms
19 timing npm:load:mkdirpcache Completed in 1ms
20 timing npm:load:mkdirplogs Completed in 0ms
21 verbose title npm run android
22 verbose argv "run" "android" "--cache" "false"
23 timing npm:load:setTitle Completed in 4ms
24 timing npm:load:display Completed in 1ms
25 verbose logfile logs-max:10 dir:/Users/du/Desktop/js/weilun_app/false/_logs/2024-05-04T11_43_41_274Z-
26 verbose logfile /Users/du/Desktop/js/weilun_app/false/_logs/2024-05-04T11_43_41_274Z-debug-0.log
27 timing npm:load:logFile Completed in 4ms
28 timing npm:load:timers Completed in 0ms
29 timing npm:load:configScope Completed in 0ms
30 timing npm:load Completed in 23ms
31 silly logfile done cleaning log files
32 timing command:run Completed in 755685ms
33 verbose exit 0
34 timing npm Completed in 755739ms
35 info ok
